<?xml version="1.0" encoding="UTF-8"?>
<!-- Generated by org.testng.reporters.JUnitReportReporter -->
<testsuite skipped="0" hostname="DESKTOP-KC4HO8O" name="com.YahooTestBBS.Tests.LoginPageTest" tests="2" failures="0" timestamp="23 Jan 2019 19:18:40 GMT" time="60.169" errors="0">
  <testcase name="verifyLoginPageTitle" time="16.120" classname="com.YahooTestBBS.Tests.LoginPageTest"/>
  <testcase name="VerifyLoginFeature" time="44.049" classname="com.YahooTestBBS.Tests.LoginPageTest"/>
</testsuite> <!-- com.YahooTestBBS.Tests.LoginPageTest -->
