<?xml version="1.0" encoding="UTF-8"?>
<!-- Generated by org.testng.reporters.JUnitReportReporter -->
<testsuite skipped="0" hostname="DESKTOP-KC4HO8O" name="com.YahooTestBBS.Tests.HomePageTest" tests="2" failures="0" timestamp="23 Jan 2019 19:28:17 GMT" time="101.590" errors="0">
  <testcase name="verifyAvatarTest" time="50.202" classname="com.YahooTestBBS.Tests.HomePageTest"/>
  <testcase name="verifyMailspanClick" time="51.388" classname="com.YahooTestBBS.Tests.HomePageTest"/>
</testsuite> <!-- com.YahooTestBBS.Tests.HomePageTest -->
