<?xml version="1.0" encoding="UTF-8"?>
<!-- Generated by org.testng.reporters.JUnitReportReporter -->
<testsuite skipped="0" hostname="DESKTOP-KC4HO8O" name="com.YahooTestBBS.Tests.ComposePageTest" tests="4" failures="0" timestamp="24 Jan 2019 17:07:16 GMT" time="344.483" errors="0">
  <testcase name="verifyMailSend" time="73.393" classname="com.YahooTestBBS.Tests.ComposePageTest"/>
  <testcase name="verifyMailSend" time="68.566" classname="com.YahooTestBBS.Tests.ComposePageTest"/>
  <testcase name="verifyMailSend" time="78.696" classname="com.YahooTestBBS.Tests.ComposePageTest"/>
  <testcase name="verifyMailSend" time="123.828" classname="com.YahooTestBBS.Tests.ComposePageTest"/>
</testsuite> <!-- com.YahooTestBBS.Tests.ComposePageTest -->
