<?xml version="1.0" encoding="UTF-8"?>
<!-- Generated by org.testng.reporters.JUnitReportReporter -->
<testsuite skipped="0" hostname="DESKTOP-KC4HO8O" name="com.YahooTestBBS.Tests.LoginPageTest" tests="2" failures="0" timestamp="24 Jan 2019 18:32:37 GMT" time="96.539" errors="0">
  <testcase name="verifyLoginPageTitle" time="41.854" classname="com.YahooTestBBS.Tests.LoginPageTest"/>
  <testcase name="VerifyLoginFeature" time="54.685" classname="com.YahooTestBBS.Tests.LoginPageTest"/>
</testsuite> <!-- com.YahooTestBBS.Tests.LoginPageTest -->
