<?xml version="1.0" encoding="UTF-8"?>
<!-- Generated by org.testng.reporters.JUnitReportReporter -->
<testsuite skipped="0" hostname="DESKTOP-KC4HO8O" name="com.YahooTestBBS.Tests.HomePageTest" tests="2" failures="0" timestamp="24 Jan 2019 18:32:37 GMT" time="110.883" errors="0">
  <testcase name="verifyAvatarTest" time="69.366" classname="com.YahooTestBBS.Tests.HomePageTest"/>
  <testcase name="verifyMailspanClick" time="41.517" classname="com.YahooTestBBS.Tests.HomePageTest"/>
</testsuite> <!-- com.YahooTestBBS.Tests.HomePageTest -->
